[INFO] Scanning for projects...
[INFO] 
[INFO] -------------------< org.acme:tp-refactoring-graph >--------------------
[INFO] Building tp-refactoring-graph 0.1.0-SNAPSHOT
[INFO] --------------------------------[ jar ]---------------------------------
[INFO] 
[INFO] --- maven-clean-plugin:3.2.0:clean (default-clean) @ tp-refactoring-graph ---
[INFO] Deleting /mnt/data/workspaces/workspace_formation/tp-graph-check/data/Lzrtn/tp-refactoring-graph/target
[INFO] 
[INFO] --- jacoco-maven-plugin:0.8.7:prepare-agent (default-prepare-agent) @ tp-refactoring-graph ---
[INFO] argLine set to -javaagent:/home/MBorne/.m2/repository/org/jacoco/org.jacoco.agent/0.8.7/org.jacoco.agent-0.8.7-runtime.jar=destfile=/mnt/data/workspaces/workspace_formation/tp-graph-check/data/Lzrtn/tp-refactoring-graph/target/jacoco.exec
[INFO] 
[INFO] --- maven-resources-plugin:3.2.0:resources (default-resources) @ tp-refactoring-graph ---
[INFO] Using 'UTF-8' encoding to copy filtered resources.
[INFO] Using 'UTF-8' encoding to copy filtered properties files.
[INFO] Copying 1 resource
[INFO] Copying 0 resource
[INFO] 
[INFO] --- maven-compiler-plugin:3.10.1:compile (default-compile) @ tp-refactoring-graph ---
[INFO] Changes detected - recompiling the module!
[INFO] Compiling 14 source files to /mnt/data/workspaces/workspace_formation/tp-graph-check/data/Lzrtn/tp-refactoring-graph/target/classes
[INFO] 
[INFO] --- maven-resources-plugin:3.2.0:testResources (default-testResources) @ tp-refactoring-graph ---
[INFO] Using 'UTF-8' encoding to copy filtered resources.
[INFO] Using 'UTF-8' encoding to copy filtered properties files.
[INFO] Copying 5 resources
[INFO] 
[INFO] --- maven-compiler-plugin:3.10.1:testCompile (default-testCompile) @ tp-refactoring-graph ---
[INFO] Changes detected - recompiling the module!
[INFO] Compiling 6 source files to /mnt/data/workspaces/workspace_formation/tp-graph-check/data/Lzrtn/tp-refactoring-graph/target/test-classes
[INFO] 
[INFO] --- maven-surefire-plugin:2.22.2:test (default-test) @ tp-refactoring-graph ---
[INFO] 
[INFO] -------------------------------------------------------
[INFO]  T E S T S
[INFO] -------------------------------------------------------
[INFO] Running org.acme.graph.demo.CqEngineTest
[INFO] Tests run: 3, Failures: 0, Errors: 0, Skipped: 0, Time elapsed: 1.584 s - in org.acme.graph.demo.CqEngineTest
[INFO] Running org.acme.graph.io.GraphReaderTest
[ERROR] Tests run: 1, Failures: 1, Errors: 0, Skipped: 0, Time elapsed: 7.787 s <<< FAILURE! - in org.acme.graph.io.GraphReaderTest
[ERROR] testRoute500(org.acme.graph.io.GraphReaderTest)  Time elapsed: 7.787 s  <<< FAILURE!
java.lang.AssertionError: expected:<3> but was:<2>
	at org.acme.graph.io.GraphReaderTest.testRoute500(GraphReaderTest.java:71)

[INFO] Running org.acme.graph.routing.DijkstraRegressTest
18:13:19.965 [main] INFO org.acme.graph.routing.DijkstraPathFinder - findPath(a,c)...
18:13:19.972 [main] INFO org.acme.graph.routing.DijkstraPathFinder - findPath(b,a)...
18:13:19.973 [main] INFO org.acme.graph.routing.DijkstraPathFinder - findPath(a,b)...
[ERROR] Tests run: 3, Failures: 1, Errors: 2, Skipped: 0, Time elapsed: 0.153 s <<< FAILURE! - in org.acme.graph.routing.DijkstraRegressTest
[ERROR] testACFoundWithCorrectOrder(org.acme.graph.routing.DijkstraRegressTest)  Time elapsed: 0.148 s  <<< ERROR!
java.lang.NullPointerException
	at org.acme.graph.routing.DijkstraRegressTest.testACFoundWithCorrectOrder(DijkstraRegressTest.java:56)

[ERROR] testBANotFound(org.acme.graph.routing.DijkstraRegressTest)  Time elapsed: 0.002 s  <<< FAILURE!
java.lang.AssertionError: unexpected exception type thrown; expected:<org.acme.graph.errors.NotFoundException> but was:<java.lang.NullPointerException>
	at org.acme.graph.routing.DijkstraRegressTest.testBANotFound(DijkstraRegressTest.java:50)
Caused by: java.lang.NullPointerException
	at org.acme.graph.routing.DijkstraRegressTest.lambda$testBANotFound$0(DijkstraRegressTest.java:50)
	at org.acme.graph.routing.DijkstraRegressTest.testBANotFound(DijkstraRegressTest.java:50)

[ERROR] testABFound(org.acme.graph.routing.DijkstraRegressTest)  Time elapsed: 0.001 s  <<< ERROR!
java.lang.NullPointerException
	at org.acme.graph.routing.DijkstraRegressTest.testABFound(DijkstraRegressTest.java:40)

[INFO] Running org.acme.graph.model.GraphTest
[INFO] Tests run: 6, Failures: 0, Errors: 0, Skipped: 0, Time elapsed: 0.005 s - in org.acme.graph.model.GraphTest
[INFO] 
[INFO] Results:
[INFO] 
[ERROR] Failures: 
[ERROR]   GraphReaderTest.testRoute500:71 expected:<3> but was:<2>
[ERROR]   DijkstraRegressTest.testBANotFound:50 unexpected exception type thrown; expected:<org.acme.graph.errors.NotFoundException> but was:<java.lang.NullPointerException>
[ERROR] Errors: 
[ERROR]   DijkstraRegressTest.testABFound:40 » NullPointer
[ERROR]   DijkstraRegressTest.testACFoundWithCorrectOrder:56 » NullPointer
[INFO] 
[ERROR] Tests run: 13, Failures: 2, Errors: 2, Skipped: 0
[INFO] 
[INFO] ------------------------------------------------------------------------
[INFO] BUILD FAILURE
[INFO] ------------------------------------------------------------------------
[INFO] Total time:  12.846 s
[INFO] Finished at: 2024-01-17T18:13:20+01:00
[INFO] ------------------------------------------------------------------------
[ERROR] Failed to execute goal org.apache.maven.plugins:maven-surefire-plugin:2.22.2:test (default-test) on project tp-refactoring-graph: There are test failures.
[ERROR] 
[ERROR] Please refer to /mnt/data/workspaces/workspace_formation/tp-graph-check/data/Lzrtn/tp-refactoring-graph/target/surefire-reports for the individual test results.
[ERROR] Please refer to dump files (if any exist) [date].dump, [date]-jvmRun[N].dump and [date].dumpstream.
[ERROR] -> [Help 1]
[ERROR] 
[ERROR] To see the full stack trace of the errors, re-run Maven with the -e switch.
[ERROR] Re-run Maven using the -X switch to enable full debug logging.
[ERROR] 
[ERROR] For more information about the errors and possible solutions, please read the following articles:
[ERROR] [Help 1] http://cwiki.apache.org/confluence/display/MAVEN/MojoFailureException
