[INFO] Scanning for projects...
[INFO] 
[INFO] -------------------< org.acme:tp-refactoring-graph >--------------------
[INFO] Building tp-refactoring-graph 0.1.0-SNAPSHOT
[INFO] --------------------------------[ jar ]---------------------------------
[INFO] 
[INFO] --- maven-clean-plugin:3.2.0:clean (default-clean) @ tp-refactoring-graph ---
[INFO] Deleting /home/mickael/workspace_formation/tp-graph-check/data/rom2049/tp-refactoring-graph/target
[INFO] 
[INFO] --- jacoco-maven-plugin:0.8.7:prepare-agent (default-prepare-agent) @ tp-refactoring-graph ---
[INFO] argLine set to -javaagent:/home/mickael/.m2/repository/org/jacoco/org.jacoco.agent/0.8.7/org.jacoco.agent-0.8.7-runtime.jar=destfile=/home/mickael/workspace_formation/tp-graph-check/data/rom2049/tp-refactoring-graph/target/jacoco.exec
[INFO] 
[INFO] --- maven-resources-plugin:3.2.0:resources (default-resources) @ tp-refactoring-graph ---
[INFO] Using 'UTF-8' encoding to copy filtered resources.
[INFO] Using 'UTF-8' encoding to copy filtered properties files.
[INFO] Copying 1 resource
[INFO] Copying 0 resource
[INFO] 
[INFO] --- maven-compiler-plugin:3.10.1:compile (default-compile) @ tp-refactoring-graph ---
[INFO] Changes detected - recompiling the module!
[INFO] Compiling 11 source files to /home/mickael/workspace_formation/tp-graph-check/data/rom2049/tp-refactoring-graph/target/classes
[INFO] 
[INFO] --- maven-resources-plugin:3.2.0:testResources (default-testResources) @ tp-refactoring-graph ---
[INFO] Using 'UTF-8' encoding to copy filtered resources.
[INFO] Using 'UTF-8' encoding to copy filtered properties files.
[INFO] Copying 5 resources
[INFO] 
[INFO] --- maven-compiler-plugin:3.10.1:testCompile (default-testCompile) @ tp-refactoring-graph ---
[INFO] Changes detected - recompiling the module!
[INFO] Compiling 6 source files to /home/mickael/workspace_formation/tp-graph-check/data/rom2049/tp-refactoring-graph/target/test-classes
[INFO] 
[INFO] --- maven-surefire-plugin:2.22.2:test (default-test) @ tp-refactoring-graph ---
[INFO] 
[INFO] -------------------------------------------------------
[INFO]  T E S T S
[INFO] -------------------------------------------------------
[INFO] Running org.acme.graph.model.GraphTest
[INFO] Tests run: 6, Failures: 0, Errors: 0, Skipped: 0, Time elapsed: 0.122 s - in org.acme.graph.model.GraphTest
[INFO] Running org.acme.graph.io.GraphReaderTest
[INFO] Tests run: 1, Failures: 0, Errors: 0, Skipped: 0, Time elapsed: 9.581 s - in org.acme.graph.io.GraphReaderTest
[INFO] Running org.acme.graph.routing.DijkstraRegressTest
21:36:36.116 [main] INFO org.acme.graph.routing.DijkstraPathFinder - findPath(a,c)...
21:36:36.119 [main] INFO org.acme.graph.routing.DijkstraPathFinder - findPath(a,c) : path found
21:36:36.119 [main] INFO org.acme.graph.routing.DijkstraPathFinder - findPath(b,a)...
21:36:36.143 [main] INFO org.acme.graph.routing.DijkstraPathFinder - findPath(a,b)...
21:36:36.143 [main] INFO org.acme.graph.routing.DijkstraPathFinder - findPath(a,b) : path found
[ERROR] Tests run: 3, Failures: 0, Errors: 1, Skipped: 0, Time elapsed: 0.122 s <<< FAILURE! - in org.acme.graph.routing.DijkstraRegressTest
[ERROR] testBANotFound(org.acme.graph.routing.DijkstraRegressTest)  Time elapsed: 0.023 s  <<< ERROR!
org.acme.graph.errors.NotFoundException: Path not found from 'b' to 'a'
	at org.acme.graph.routing.DijkstraRegressTest.testBANotFound(DijkstraRegressTest.java:42)

[INFO] Running org.acme.graph.demo.CqEngineTest
[INFO] Tests run: 3, Failures: 0, Errors: 0, Skipped: 0, Time elapsed: 1.668 s - in org.acme.graph.demo.CqEngineTest
[INFO] 
[INFO] Results:
[INFO] 
[ERROR] Errors: 
[ERROR]   DijkstraRegressTest.testBANotFound:42 Â» NotFound Path not found from 'b' to 'a...
[INFO] 
[ERROR] Tests run: 13, Failures: 0, Errors: 1, Skipped: 0
[INFO] 
[INFO] ------------------------------------------------------------------------
[INFO] BUILD FAILURE
[INFO] ------------------------------------------------------------------------
[INFO] Total time:  15.183 s
[INFO] Finished at: 2023-12-18T21:36:38+01:00
[INFO] ------------------------------------------------------------------------
[ERROR] Failed to execute goal org.apache.maven.plugins:maven-surefire-plugin:2.22.2:test (default-test) on project tp-refactoring-graph: There are test failures.
[ERROR] 
[ERROR] Please refer to /home/mickael/workspace_formation/tp-graph-check/data/rom2049/tp-refactoring-graph/target/surefire-reports for the individual test results.
[ERROR] Please refer to dump files (if any exist) [date].dump, [date]-jvmRun[N].dump and [date].dumpstream.
[ERROR] -> [Help 1]
[ERROR] 
[ERROR] To see the full stack trace of the errors, re-run Maven with the -e switch.
[ERROR] Re-run Maven using the -X switch to enable full debug logging.
[ERROR] 
[ERROR] For more information about the errors and possible solutions, please read the following articles:
[ERROR] [Help 1] http://cwiki.apache.org/confluence/display/MAVEN/MojoFailureException
